<?xml version="1.0" encoding="UTF-8"?>
<testsuite name="History Test" tests="1" skipped="0" failures="0" errors="0" timestamp="2021-12-22T16:38:42" hostname="LAPTOP-1U25IDPH" time="98.899">
  <properties/>
  <testcase name="Buscar curso en la web" classname="History Test" time="98.899"/>
  <system-out><![CDATA[]]></system-out>
  <system-err><![CDATA[[Test worker] WARN net.thucydides.core.steps.BaseStepListener - stepStarted: net.thucydides.core.steps.ExecutedStepDescription@6f32b7b2
[Test worker] WARN net.thucydides.core.steps.BaseStepListener - stepStarted: net.thucydides.core.steps.ExecutedStepDescription@45e50ddc
[Test worker] WARN net.thucydides.core.steps.BaseStepListener - stepStarted: net.thucydides.core.steps.ExecutedStepDescription@21486a07
dic 22, 2021 11:38:43 AM org.openqa.selenium.remote.DesiredCapabilities chrome
INFORMACIÓN: Using `new ChromeOptions()` is preferred to `DesiredCapabilities.chrome()`
[Test worker] INFO net.serenitybdd.core.webdriver.driverproviders.ProvideNewDriver - Instantiating driver
[Test worker] INFO net.serenitybdd.core.webdriver.driverproviders.ProvideNewDriver - Driver capabilities: Capabilities {acceptInsecureCerts: false, browserName: chrome, chrome.switches: --start-maximized, goog:chromeOptions: {args: [--start-maximized], extensions: []}, loggingPrefs: org.openqa.selenium.logging..., platform: ANY, version: }
Starting ChromeDriver 96.0.4664.45 (76e4c1bb2ab4671b8beba3444e61c0f17584b2fc-refs/branch-heads/4664@{#947}) on port 1770
Only local connections are allowed.
Please see https://chromedriver.chromium.org/security-considerations for suggestions on keeping ChromeDriver safe.
ChromeDriver was started successfully.
[1640191132.499][WARNING]: Timed out connecting to Chrome, retrying...
dic 22, 2021 11:39:33 AM org.openqa.selenium.remote.ProtocolHandshake createSession
INFORMACIÓN: Detected dialect: W3C
[Test worker] WARN net.thucydides.core.steps.BaseStepListener - stepFinished: current outcome:Buscar curso en la web:Given Juan quiere aprender a ser un tester automatizador [Juan open up [Juan opens the U test page]]
[Test worker] WARN net.thucydides.core.steps.BaseStepListener - stepFinished: current outcome:Buscar curso en la web:Given Juan quiere aprender a ser un tester automatizador [Juan open up [Juan opens the U test page]]
[Test worker] WARN net.thucydides.core.steps.BaseStepListener - stepStarted: net.thucydides.core.steps.ExecutedStepDescription@37953aed
[Test worker] WARN net.thucydides.core.steps.BaseStepListener - stepStarted: net.thucydides.core.steps.ExecutedStepDescription@40938c7f
[Test worker] WARN net.thucydides.core.steps.BaseStepListener - stepFinished: current outcome:Buscar curso en la web:Given Juan quiere aprender a ser un tester automatizador [Juan open up [Juan opens the U test page], Juan login [Juan clicks on button para el login]]
[Test worker] WARN net.thucydides.core.steps.BaseStepListener - stepStarted: net.thucydides.core.steps.ExecutedStepDescription@7ac27c04
[Test worker] WARN net.thucydides.core.steps.BaseStepListener - stepFinished: current outcome:Buscar curso en la web:Given Juan quiere aprender a ser un tester automatizador [Juan open up [Juan opens the U test page], Juan login [Juan clicks on button para el login, Juan enters 'jose.zhong@hotmail.com' into escribir su correo]]
[Test worker] WARN net.thucydides.core.steps.BaseStepListener - stepStarted: net.thucydides.core.steps.ExecutedStepDescription@6e929345
[Test worker] WARN net.thucydides.core.steps.BaseStepListener - stepFinished: current outcome:Buscar curso en la web:Given Juan quiere aprender a ser un tester automatizador [Juan open up [Juan opens the U test page], Juan login [Juan clicks on button para el login, Juan enters 'jose.zhong@hotmail.com' into escribir su correo, Juan enters 'UT3st@2021.' into escribir su contraseÃ±a]]
[Test worker] WARN net.thucydides.core.steps.BaseStepListener - stepStarted: net.thucydides.core.steps.ExecutedStepDescription@5475aa4c
[Test worker] WARN net.thucydides.core.steps.BaseStepListener - stepFinished: current outcome:Buscar curso en la web:Given Juan quiere aprender a ser un tester automatizador [Juan open up [Juan opens the U test page], Juan login [Juan clicks on button para el login, Juan enters 'jose.zhong@hotmail.com' into escribir su correo, Juan enters 'UT3st@2021.' into escribir su contraseÃ±a, Juan clicks on button de ingresar]]
[Test worker] WARN net.thucydides.core.steps.BaseStepListener - stepFinished: current outcome:Buscar curso en la web:Given Juan quiere aprender a ser un tester automatizador [Juan open up [Juan opens the U test page], Juan login [Juan clicks on button para el login, Juan enters 'jose.zhong@hotmail.com' into escribir su correo, Juan enters 'UT3st@2021.' into escribir su contraseÃ±a, Juan clicks on button de ingresar]]
[Test worker] WARN net.thucydides.core.steps.BaseStepListener - stepFinished: current outcome:Buscar curso en la web:Given Juan quiere aprender a ser un tester automatizador [Juan open up [Juan opens the U test page], Juan login [Juan clicks on button para el login, Juan enters 'jose.zhong@hotmail.com' into escribir su correo, Juan enters 'UT3st@2021.' into escribir su contraseÃ±a, Juan clicks on button de ingresar]]
[Test worker] WARN net.thucydides.core.steps.BaseStepListener - stepStarted: net.thucydides.core.steps.ExecutedStepDescription@1ee3d12e
[Test worker] WARN net.thucydides.core.steps.BaseStepListener - stepStarted: net.thucydides.core.steps.ExecutedStepDescription@4998bbad
[Test worker] WARN net.thucydides.core.steps.BaseStepListener - stepStarted: net.thucydides.core.steps.ExecutedStepDescription@135908ed
[Test worker] WARN net.thucydides.core.steps.BaseStepListener - stepFinished: current outcome:Buscar curso en la web:Given Juan quiere aprender a ser un tester automatizador [Juan open up [Juan opens the U test page], Juan login [Juan clicks on button para el login, Juan enters 'jose.zhong@hotmail.com' into escribir su correo, Juan enters 'UT3st@2021.' into escribir su contraseÃ±a, Juan clicks on button de ingresar]], When Buscar el curso Introduction to Gambling Testing en el sitio web [Juan search [Juan clicks on Selecciona la Academia]]
[Test worker] WARN net.thucydides.core.steps.BaseStepListener - stepStarted: net.thucydides.core.steps.ExecutedStepDescription@7bb9e978
[Test worker] WARN net.thucydides.core.steps.BaseStepListener - stepFinished: current outcome:Buscar curso en la web:Given Juan quiere aprender a ser un tester automatizador [Juan open up [Juan opens the U test page], Juan login [Juan clicks on button para el login, Juan enters 'jose.zhong@hotmail.com' into escribir su correo, Juan enters 'UT3st@2021.' into escribir su contraseÃ±a, Juan clicks on button de ingresar]], When Buscar el curso Introduction to Gambling Testing en el sitio web [Juan search [Juan clicks on Selecciona la Academia, Juan enters 'Introduction to Gambling Testing' into Buscar el curso]]
[Test worker] WARN net.thucydides.core.steps.BaseStepListener - stepStarted: net.thucydides.core.steps.ExecutedStepDescription@368e5d5c
[Test worker] WARN net.thucydides.core.steps.BaseStepListener - stepFinished: current outcome:Buscar curso en la web:Given Juan quiere aprender a ser un tester automatizador [Juan open up [Juan opens the U test page], Juan login [Juan clicks on button para el login, Juan enters 'jose.zhong@hotmail.com' into escribir su correo, Juan enters 'UT3st@2021.' into escribir su contraseÃ±a, Juan clicks on button de ingresar]], When Buscar el curso Introduction to Gambling Testing en el sitio web [Juan search [Juan clicks on Selecciona la Academia, Juan enters 'Introduction to Gambling Testing' into Buscar el curso, Juan clicks on Da click para buscar el contenido del curso]]
[Test worker] WARN net.thucydides.core.steps.BaseStepListener - stepFinished: current outcome:Buscar curso en la web:Given Juan quiere aprender a ser un tester automatizador [Juan open up [Juan opens the U test page], Juan login [Juan clicks on button para el login, Juan enters 'jose.zhong@hotmail.com' into escribir su correo, Juan enters 'UT3st@2021.' into escribir su contraseÃ±a, Juan clicks on button de ingresar]], When Buscar el curso Introduction to Gambling Testing en el sitio web [Juan search [Juan clicks on Selecciona la Academia, Juan enters 'Introduction to Gambling Testing' into Buscar el curso, Juan clicks on Da click para buscar el contenido del curso]]
[Test worker] WARN net.thucydides.core.steps.BaseStepListener - stepFinished: current outcome:Buscar curso en la web:Given Juan quiere aprender a ser un tester automatizador [Juan open up [Juan opens the U test page], Juan login [Juan clicks on button para el login, Juan enters 'jose.zhong@hotmail.com' into escribir su correo, Juan enters 'UT3st@2021.' into escribir su contraseÃ±a, Juan clicks on button de ingresar]], When Buscar el curso Introduction to Gambling Testing en el sitio web [Juan search [Juan clicks on Selecciona la Academia, Juan enters 'Introduction to Gambling Testing' into Buscar el curso, Juan clicks on Da click para buscar el contenido del curso]]
[Test worker] WARN net.thucydides.core.steps.BaseStepListener - stepStarted: net.thucydides.core.steps.ExecutedStepDescription@263bbb0c
[Test worker] WARN net.thucydides.core.steps.BaseStepListener - stepStarted: net.thucydides.core.steps.ExecutedStepDescription@6856272c
[Test worker] WARN net.thucydides.core.steps.BaseStepListener - stepFinished: current outcome:Buscar curso en la web:Given Juan quiere aprender a ser un tester automatizador [Juan open up [Juan opens the U test page], Juan login [Juan clicks on button para el login, Juan enters 'jose.zhong@hotmail.com' into escribir su correo, Juan enters 'UT3st@2021.' into escribir su contraseÃ±a, Juan clicks on button de ingresar]], When Buscar el curso Introduction to Gambling Testing en el sitio web [Juan search [Juan clicks on Selecciona la Academia, Juan enters 'Introduction to Gambling Testing' into Buscar el curso, Juan clicks on Da click para buscar el contenido del curso]], Then Elegir el curso Introduction to Gambling Testing [Then answer]
[Test worker] WARN net.thucydides.core.steps.BaseStepListener - stepFinished: current outcome:Buscar curso en la web:Given Juan quiere aprender a ser un tester automatizador [Juan open up [Juan opens the U test page], Juan login [Juan clicks on button para el login, Juan enters 'jose.zhong@hotmail.com' into escribir su correo, Juan enters 'UT3st@2021.' into escribir su contraseÃ±a, Juan clicks on button de ingresar]], When Buscar el curso Introduction to Gambling Testing en el sitio web [Juan search [Juan clicks on Selecciona la Academia, Juan enters 'Introduction to Gambling Testing' into Buscar el curso, Juan clicks on Da click para buscar el contenido del curso]], Then Elegir el curso Introduction to Gambling Testing [Then answer]
[Test worker] WARN net.thucydides.core.steps.BaseStepListener - testFinished: Buscar curso en la web:Given Juan quiere aprender a ser un tester automatizador [Juan open up [Juan opens the U test page], Juan login [Juan clicks on button para el login, Juan enters 'jose.zhong@hotmail.com' into escribir su correo, Juan enters 'UT3st@2021.' into escribir su contraseÃ±a, Juan clicks on button de ingresar]], When Buscar el curso Introduction to Gambling Testing en el sitio web [Juan search [Juan clicks on Selecciona la Academia, Juan enters 'Introduction to Gambling Testing' into Buscar el curso, Juan clicks on Da click para buscar el contenido del curso]], Then Elegir el curso Introduction to Gambling Testing [Then answer]
[Test worker] WARN net.thucydides.core.steps.BaseStepListener - TestOutcomes: [Buscar curso en la web:Given Juan quiere aprender a ser un tester automatizador [Juan open up [Juan opens the U test page], Juan login [Juan clicks on button para el login, Juan enters 'jose.zhong@hotmail.com' into escribir su correo, Juan enters 'UT3st@2021.' into escribir su contraseÃ±a, Juan clicks on button de ingresar]], When Buscar el curso Introduction to Gambling Testing en el sitio web [Juan search [Juan clicks on Selecciona la Academia, Juan enters 'Introduction to Gambling Testing' into Buscar el curso, Juan clicks on Da click para buscar el contenido del curso]], Then Elegir el curso Introduction to Gambling Testing [Then answer]]
[Test worker] WARN net.thucydides.core.steps.BaseStepListener - Final testOutcomes: [Buscar curso en la web:Given Juan quiere aprender a ser un tester automatizador [Juan open up [Juan opens the U test page], Juan login [Juan clicks on button para el login, Juan enters 'jose.zhong@hotmail.com' into escribir su correo, Juan enters 'UT3st@2021.' into escribir su contraseÃ±a, Juan clicks on button de ingresar]], When Buscar el curso Introduction to Gambling Testing en el sitio web [Juan search [Juan clicks on Selecciona la Academia, Juan enters 'Introduction to Gambling Testing' into Buscar el curso, Juan clicks on Da click para buscar el contenido del curso]], Then Elegir el curso Introduction to Gambling Testing [Then answer]]
[Test worker] INFO net.thucydides.core.steps.ConsoleLoggingListener - 
        __    _____ _____ ____ _____   ____   _    ____  ____  _____ ____  
  _     \ \  |_   _| ____/ ___|_   _| |  _ \ / \  / ___|/ ___|| ____|  _ \ 
 (_)_____| |   | | |  _| \___ \ | |   | |_) / _ \ \___ \\___ \|  _| | | | |
  _|_____| |   | | | |___ ___) || |   |  __/ ___ \ ___) |___) | |___| |_| |
 (_)     | |   |_| |_____|____/ |_|   |_| /_/   \_\____/|____/|_____|____/ 
        /_/                                                                

TEST PASSED: Buscar curso en la web
----------------------------------------------------------------------------
]]></system-err>
</testsuite>
